Removed Pin From Net: NetName=NetLED_1 Pin=R6-1
Removed Pin From Net: NetName=NetLED_2 Pin=U1-3
Change Component Designator: OldDesignator=30V NewDesignator=D2
Change Component Designator: OldDesignator=56R/2W NewDesignator=R3
Added Component: Designator=C7(CN1.5)
Add component. Clean all parameters for all variants
Add component (AddParameter): Name = "LatestRevisionDate"; Value = "17-Jul-2002"; VariantName = "[No Variations]"
Add component (AddParameter): Name = "LatestRevisionNote"; Value = "Re-released for DXP Platform."; VariantName = "[No Variations]"
Add component (AddParameter): Name = "PackageDescription"; Value = "Radial Cap, Thru-Hole; 2 Leads; 0.3 in Pin Spacing"; VariantName = "[No Variations]"
Add component (AddParameter): Name = "PackageReference"; Value = "RAD-0.3"; VariantName = "[No Variations]"
Add component (AddParameter): Name = "Published"; Value = "8-Jun-2000"; VariantName = "[No Variations]"
Add component (AddParameter): Name = "Publisher"; Value = "Altium Limited"; VariantName = "[No Variations]"
Add component (AddParameter): Name = "Value"; Value = "104"; VariantName = "[No Variations]"
Added Pin To Net: NetName=GND Pin=C7-1
Added Pin To Net: NetName=NetD2_2 Pin=C7-2
Added Pin To Net: NetName=NetLED_2 Pin=R6-1
Added Pin To Net: NetName=GND Pin=R6-2
Added Pin To Net: NetName=NetLED_1 Pin=U1-3
Change Net Name : Old Net Name=NetD2_2 New Net Name=NetC7_2
Added Member To Class: ClassName=Nguon_MIC_Sch Member=Component C7 Cap
Added Room: Name=Nguon_MIC_Sch
