Removed Pin From Net: NetName=GND Pin=C7-1
Removed Pin From Net: NetName=NetC7_2 Pin=C7-2
Removed Pin From Net: NetName=NetR8_2 Pin=R8-2
Removed Pin From Net: NetName=Source Pin=Shunt-1
Removed Pin From Net: NetName=NetC7_2 Pin=U1-12
Removed Pin From Net: NetName=GND Pin=Vout-1
Removed Pin From Net: NetName=NetR8_2 Pin=Vout-2
Removed Member From Class: ClassName=Nguon_MIC_Sch Member=Vout
Added Component: Designator=HD2(BIG_Header 3)
Add component. Clean all parameters for all variants
Add component (AddParameter): Name = "LatestRevisionDate"; Value = "17-Jul-2002"; VariantName = "[No Variations]"
Add component (AddParameter): Name = "LatestRevisionNote"; Value = "Re-released for DXP Platform."; VariantName = "[No Variations]"
Add component (AddParameter): Name = "Publisher"; Value = "Altium Limited"; VariantName = "[No Variations]"
Added Pin To Net: NetName=NetC7_2 Pin=C7-1
Added Pin To Net: NetName=GND Pin=C7-2
Added Pin To Net: NetName=GND Pin=HD2-1
Added Pin To Net: NetName=Source Pin=HD2-2
Added Pin To Net: NetName=NetHD1_1 Pin=HD2-3
Added Pin To Net: NetName=Source Pin=R8-2
Added Pin To Net: NetName=NetC7_2 Pin=Shunt-1
Added Pin To Net: NetName=NetR8_2 Pin=U1-12
Change Net Name : Old Net Name=NetC7_2 New Net Name=NetC7_1
Change Net Name : Old Net Name=NetHD1_1 New Net Name=NetHD2_3
Change Net Name : Old Net Name=NetR8_2 New Net Name=NetShunt_2
Added Member To Class: ClassName=Nguon_MIC_Sch Member=Component HD2 Header 3
Added Room: Name=Nguon_MIC_Sch
